<?xml version="1.0" encoding="UTF-8"?>
<!-- Generated by org.testng.reporters.JUnitReportReporter -->
<testsuite hostname="LAPTOP-18AKVR5U" failures="0" tests="2" name="com.Automation.Test.LoginTest" time="8.468" errors="0" timestamp="08 Dec 2021 05:52:22 GMT" skipped="0">
  <testcase classname="com.Automation.Test.LoginTest" name="VerifyLogin" time="4.826"/>
  <testcase classname="com.Automation.Test.LoginTest" name="VerifyAddUser" time="3.642"/>
</testsuite> <!-- com.Automation.Test.LoginTest -->
