<?xml version="1.0" encoding="UTF-8"?>
<!-- Generated by org.testng.reporters.JUnitReportReporter -->
<testsuite hostname="LAPTOP-18AKVR5U" failures="0" tests="2" name="com.Automation.Test.LoginTest" time="10.309" errors="0" timestamp="08 Dec 2021 07:23:58 GMT" skipped="0">
  <testcase classname="com.Automation.Test.LoginTest" name="VerifyLogin" time="6.916"/>
  <testcase classname="com.Automation.Test.LoginTest" name="VerifyAddUser" time="3.393"/>
</testsuite> <!-- com.Automation.Test.LoginTest -->
